app/build/outputs/logs/manifest-merger-debug-report.txt
-- Merging decision tree log ---
manifest
ADDED from src/main/AndroidManifest.xml:2:1-58:12
INJECTED from src/main/AndroidManifest.xml:2:1-58:12
INJECTED from src/main/AndroidManifest.xml:2:1-58:12
INJECTED from src/main/AndroidManifest.xml:2:1-58:12
MERGED from [com.google.mlkit:text-recognition:16.0.0-beta6] AndroidManifest.xml:2:1-7:12
MERGED from [com.google.android.gms:play-services-mlkit-text-recognition:18.0.2] AndroidManifest.xml:2:1-8:12
MERGED from [androidx.multidex:multidex:2.0.1] AndroidManifest.xml:17:1-22:12
MERGED from [com.wdullaer:materialdatetimepicker:3.5.2] AndroidManifest.xml:17:1-30:12
MERGED from [com.google.android.material:material:1.6.1] AndroidManifest.xml:17:1-26:12
MERGED from [net.sf.scuba:scuba-sc-android:0.0.18] AndroidManifest.xml:2:1-13:12
MERGED from [com.gemalto.jp2:jp2-android:1.0.3] AndroidManifest.xml:2:1-11:12
MERGED from [:openCVLibrary3413] AndroidManifest.xml:2:1-11:12
MERGED from [org.tensorflow:tensorflow-lite-support:0.1.0] AndroidManifest.xml:2:1-5:12
MERGED from [org.tensorflow:tensorflow-lite-gpu:2.3.0] AndroidManifest.xml:2:1-12:12
MERGED from [com.google.mlkit:text-recognition-bundled-common:16.0.0-beta6] AndroidManifest.xml:2:1-7:12
MERGED from [com.google.android.gms:play-services-mlkit-text-recognition-common:18.0.0] AndroidManifest.xml:2:1-18:12
MERGED from [com.google.mlkit:vision-common:17.2.1] AndroidManifest.xml:2:1-18:12
MERGED from [com.google.mlkit:common:18.5.0] AndroidManifest.xml:2:1-26:12
MERGED from [com.google.android.gms:play-services-base:18.1.0] AndroidManifest.xml:16:1-24:12
MERGED from [com.google.mlkit:vision-interfaces:16.1.0] AndroidManifest.xml:2:1-7:12
MERGED from [com.google.android.gms:play-services-tasks:18.0.2] AndroidManifest.xml:2:1-6:12
MERGED from [com.google.android.gms:play-services-basement:18.1.0] AndroidManifest.xml:16:1-26:12
MERGED from [androidx.cardview:cardview:1.0.0] AndroidManifest.xml:17:1-22:12
MERGED from [androidx.legacy:legacy-support-v13:1.0.0] AndroidManifest.xml:17:1-22:12
MERGED from [androidx.legacy:legacy-support-v4:1.0.0] AndroidManifest.xml:17:1-22:12
MERGED from [androidx.legacy:legacy-support-core-ui:1.0.0] AndroidManifest.xml:17:1-22:12
MERGED from [androidx.coordinatorlayout:coordinatorlayout:1.1.0] AndroidManifest.xml:17:1-24:12
MERGED from [androidx.constraintlayout:constraintlayout:2.0.1] AndroidManifest.xml:2:1-11:12
MERGED from [androidx.appcompat:appcompat:1.2.0] AndroidManifest.xml:17:1-24:12
MERGED from [androidx.drawerlayout:drawerlayout:1.1.1] AndroidManifest.xml:17:1-24:12
MERGED from [androidx.dynamicanimation:dynamicanimation:1.0.0] AndroidManifest.xml:17:1-22:12
MERGED from [androidx.viewpager2:viewpager2:1.0.0] AndroidManifest.xml:17:1-24:12
MERGED from [androidx.fragment:fragment:1.2.5] AndroidManifest.xml:17:1-24:12
MERGED from [androidx.transition:transition:1.2.0] AndroidManifest.xml:17:1-24:12
MERGED from [androidx.appcompat:appcompat-resources:1.2.0] AndroidManifest.xml:17:1-24:12
MERGED from [androidx.vectordrawable:vectordrawable-animated:1.1.0] AndroidManifest.xml:17:1-24:12
MERGED from [androidx.vectordrawable:vectordrawable:1.1.0] AndroidManifest.xml:17:1-24:12
MERGED from [androidx.viewpager:viewpager:1.0.0] AndroidManifest.xml:17:1-22:12
MERGED from [androidx.recyclerview:recyclerview:1.1.0] AndroidManifest.xml:17:1-24:12
MERGED from [androidx.slidingpanelayout:slidingpanelayout:1.0.0] AndroidManifest.xml:17:1-22:12
MERGED from [androidx.customview:customview:1.1.0] AndroidManifest.xml:17:1-24:12
MERGED from [androidx.legacy:legacy-support-core-utils:1.0.0] AndroidManifest.xml:17:1-22:12
MERGED from [androidx.loader:loader:1.0.0] AndroidManifest.xml:17:1-22:12
MERGED from [androidx.activity:activity:1.1.0] AndroidManifest.xml:17:1-24:12
MERGED from [androidx.media:media:1.0.0] AndroidManifest.xml:17:1-22:12
MERGED from [androidx.swiperefreshlayout:swiperefreshlayout:1.0.0] AndroidManifest.xml:17:1-22:12
MERGED from [androidx.asynclayoutinflater:asynclayoutinflater:1.0.0] AndroidManifest.xml:17:1-22:12
MERGED from [androidx.core:core:1.5.0] AndroidManifest.xml:17:1-26:12
MERGED from [com.google.android.datatransport:transport-backend-cct:2.3.3] AndroidManifest.xml:15:1-38:12
MERGED from [com.google.android.datatransport:transport-runtime:2.2.6] AndroidManifest.xml:15:1-41:12
MERGED from [com.google.android.datatransport:transport-api:2.2.1] AndroidManifest.xml:15:1-22:12
MERGED from [com.google.firebase:firebase-components:16.1.0] AndroidManifest.xml:15:1-23:12
MERGED from [com.google.firebase:firebase-encoders-json:17.1.0] AndroidManifest.xml:15:1-23:12
MERGED from [androidx.versionedparcelable:versionedparcelable:1.1.1] AndroidManifest.xml:17:1-27:12
MERGED from [androidx.lifecycle:lifecycle-viewmodel-savedstate:2.2.0] AndroidManifest.xml:17:1-24:12
MERGED from [androidx.lifecycle:lifecycle-viewmodel:2.2.0] AndroidManifest.xml:17:1-24:12
MERGED from [androidx.exifinterface:exifinterface:1.0.0] AndroidManifest.xml:17:1-22:12
MERGED from [androidx.cursoradapter:cursoradapter:1.0.0] AndroidManifest.xml:17:1-22:12
MERGED from [androidx.documentfile:documentfile:1.0.0] AndroidManifest.xml:17:1-22:12
MERGED from [androidx.localbroadcastmanager:localbroadcastmanager:1.0.0] AndroidManifest.xml:17:1-22:12
MERGED from [androidx.print:print:1.0.0] AndroidManifest.xml:17:1-22:12
MERGED from [androidx.lifecycle:lifecycle-runtime:2.2.0] AndroidManifest.xml:17:1-24:12
MERGED from [androidx.savedstate:savedstate:1.0.0] AndroidManifest.xml:17:1-24:12
MERGED from [androidx.lifecycle:lifecycle-livedata:2.0.0] AndroidManifest.xml:17:1-22:12
MERGED from [androidx.lifecycle:lifecycle-livedata-core:2.2.0] AndroidManifest.xml:17:1-24:12
MERGED from [androidx.arch.core:core-runtime:2.1.0] AndroidManifest.xml:17:1-24:12
MERGED from [androidx.interpolator:interpolator:1.0.0] AndroidManifest.xml:17:1-22:12
MERGED from [androidx.annotation:annotation-experimental:1.0.0] AndroidManifest.xml:17:1-24:12
MERGED from [org.tensorflow:tensorflow-lite:2.4.0] AndroidManifest.xml:2:1-12:12
MERGED from [com.google.android.odml:image:1.0.0-beta1] AndroidManifest.xml:2:1-9:12
INJECTED from src/main/AndroidManifest.xml:2:1-58:12
INJECTED from src/main/AndroidManifest.xml:2:1-58:12
INJECTED from src/main/AndroidManifest.xml:2:1-58:12
	package
		INJECTED from src/main/AndroidManifest.xml
		ADDED from src/main/AndroidManifest.xml:2:1-58:12
		INJECTED from src/main/AndroidManifest.xml
	android:versionName
		INJECTED from src/main/AndroidManifest.xml
		ADDED from src/main/AndroidManifest.xml:2:1-58:12
		INJECTED from src/main/AndroidManifest.xml
	android:versionCode
		INJECTED from src/main/AndroidManifest.xml
		ADDED from src/main/AndroidManifest.xml:2:1-58:12
		INJECTED from src/main/AndroidManifest.xml
	xmlns:android
		ADDED from src/main/AndroidManifest.xml:2:11-69
uses-permission#android.permission.NFC
ADDED from src/main/AndroidManifest.xml:4:5-62
MERGED from [net.sf.scuba:scuba-sc-android:0.0.18] AndroidManifest.xml:11:5-62
MERGED from [net.sf.scuba:scuba-sc-android:0.0.18] AndroidManifest.xml:11:5-62
	android:name
		ADDED from src/main/AndroidManifest.xml:4:22-59
uses-feature#android.hardware.nfc
ADDED from src/main/AndroidManifest.xml:5:5-81
	android:required
		ADDED from src/main/AndroidManifest.xml:5:55-78
	android:name
		ADDED from src/main/AndroidManifest.xml:5:19-54
uses-permission#android.permission.CAMERA
ADDED from src/main/AndroidManifest.xml:6:5-64
	android:name
		ADDED from src/main/AndroidManifest.xml:6:22-62
uses-feature#android.hardware.camera
ADDED from src/main/AndroidManifest.xml:8:5-59
	android:name
		ADDED from src/main/AndroidManifest.xml:8:19-57
uses-feature#android.hardware.camera.autofocus
ADDED from src/main/AndroidManifest.xml:9:5-69
	android:name
		ADDED from src/main/AndroidManifest.xml:9:19-67
uses-feature#android.hardware.camera.front
ADDED from src/main/AndroidManifest.xml:10:5-65
	android:name
		ADDED from src/main/AndroidManifest.xml:10:19-63
uses-feature#android.hardware.camera.front.autofocus
ADDED from src/main/AndroidManifest.xml:11:5-75
	android:name
		ADDED from src/main/AndroidManifest.xml:11:19-73
application
ADDED from src/main/AndroidManifest.xml:12:5-56:19
MERGED from [com.wdullaer:materialdatetimepicker:3.5.2] AndroidManifest.xml:28:5-20
MERGED from [com.wdullaer:materialdatetimepicker:3.5.2] AndroidManifest.xml:28:5-20
MERGED from [com.google.android.material:material:1.6.1] AndroidManifest.xml:24:5-20
MERGED from [com.google.android.material:material:1.6.1] AndroidManifest.xml:24:5-20
MERGED from [org.tensorflow:tensorflow-lite-gpu:2.3.0] AndroidManifest.xml:10:5-20
MERGED from [org.tensorflow:tensorflow-lite-gpu:2.3.0] AndroidManifest.xml:10:5-20
MERGED from [com.google.android.gms:play-services-mlkit-text-recognition-common:18.0.0] AndroidManifest.xml:8:5-16:19
MERGED from [com.google.android.gms:play-services-mlkit-text-recognition-common:18.0.0] AndroidManifest.xml:8:5-16:19
MERGED from [com.google.mlkit:vision-common:17.2.1] AndroidManifest.xml:8:5-16:19
MERGED from [com.google.mlkit:vision-common:17.2.1] AndroidManifest.xml:8:5-16:19
MERGED from [com.google.mlkit:common:18.5.0] AndroidManifest.xml:8:5-24:19
MERGED from [com.google.mlkit:common:18.5.0] AndroidManifest.xml:8:5-24:19
MERGED from [com.google.android.gms:play-services-base:18.1.0] AndroidManifest.xml:19:5-23:19
MERGED from [com.google.android.gms:play-services-base:18.1.0] AndroidManifest.xml:19:5-23:19
MERGED from [com.google.android.gms:play-services-tasks:18.0.2] AndroidManifest.xml:5:5-20
MERGED from [com.google.android.gms:play-services-tasks:18.0.2] AndroidManifest.xml:5:5-20
MERGED from [com.google.android.gms:play-services-basement:18.1.0] AndroidManifest.xml:20:5-24:19
MERGED from [com.google.android.gms:play-services-basement:18.1.0] AndroidManifest.xml:20:5-24:19
MERGED from [androidx.constraintlayout:constraintlayout:2.0.1] AndroidManifest.xml:9:5-20
MERGED from [androidx.constraintlayout:constraintlayout:2.0.1] AndroidManifest.xml:9:5-20
MERGED from [androidx.core:core:1.5.0] AndroidManifest.xml:24:5-89
MERGED from [androidx.core:core:1.5.0] AndroidManifest.xml:24:5-89
MERGED from [com.google.android.datatransport:transport-backend-cct:2.3.3] AndroidManifest.xml:28:5-36:19
MERGED from [com.google.android.datatransport:transport-backend-cct:2.3.3] AndroidManifest.xml:28:5-36:19
MERGED from [com.google.android.datatransport:transport-runtime:2.2.6] AndroidManifest.xml:25:5-39:19
MERGED from [com.google.android.datatransport:transport-runtime:2.2.6] AndroidManifest.xml:25:5-39:19
MERGED from [androidx.versionedparcelable:versionedparcelable:1.1.1] AndroidManifest.xml:24:5-25:19
MERGED from [androidx.versionedparcelable:versionedparcelable:1.1.1] AndroidManifest.xml:24:5-25:19
MERGED from [org.tensorflow:tensorflow-lite:2.4.0] AndroidManifest.xml:10:5-20
MERGED from [org.tensorflow:tensorflow-lite:2.4.0] AndroidManifest.xml:10:5-20
MERGED from [com.google.android.odml:image:1.0.0-beta1] AndroidManifest.xml:7:5-20
MERGED from [com.google.android.odml:image:1.0.0-beta1] AndroidManifest.xml:7:5-20
	android:appComponentFactory
		ADDED from [androidx.core:core:1.5.0] AndroidManifest.xml:24:18-86
	android:supportsRtl
		ADDED from src/main/AndroidManifest.xml:17:9-35
	android:label
		ADDED from src/main/AndroidManifest.xml:15:9-41
	android:icon
		ADDED from src/main/AndroidManifest.xml:14:9-43
	android:allowBackup
		ADDED from src/main/AndroidManifest.xml:13:9-35
	android:theme
		ADDED from src/main/AndroidManifest.xml:18:9-40
	android:name
		ADDED from src/main/AndroidManifest.xml:16:9-40
activity#com.tananaev.passportreader.MainActivity
ADDED from src/main/AndroidManifest.xml:20:9-43:20
	android:screenOrientation
		ADDED from src/main/AndroidManifest.xml:23:13-51
	android:exported
		ADDED from src/main/AndroidManifest.xml:21:13-36
	android:name
		ADDED from src/main/AndroidManifest.xml:22:13-41
intent-filter#action:name:android.intent.action.MAIN+category:name:android.intent.category.LAUNCHER
ADDED from src/main/AndroidManifest.xml:25:13-28:29
action#android.intent.action.MAIN
ADDED from src/main/AndroidManifest.xml:26:17-69
	android:name
		ADDED from src/main/AndroidManifest.xml:26:25-66
category#android.intent.category.LAUNCHER
ADDED from src/main/AndroidManifest.xml:27:17-77
	android:name
		ADDED from src/main/AndroidManifest.xml:27:27-74
intent-filter#action:name:com.tananaev.passportreader.REQUEST+category:name:android.intent.category.DEFAULT
ADDED from src/main/AndroidManifest.xml:30:13-33:29
action#com.tananaev.passportreader.REQUEST
ADDED from src/main/AndroidManifest.xml:31:17-78
	android:name
		ADDED from src/main/AndroidManifest.xml:31:25-75
category#android.intent.category.DEFAULT
ADDED from src/main/AndroidManifest.xml:32:17-76
	android:name
		ADDED from src/main/AndroidManifest.xml:32:27-73
activity#com.tananaev.passportreader.ResultActivity
ADDED from src/main/AndroidManifest.xml:45:9-48:52
	android:screenOrientation
		ADDED from src/main/AndroidManifest.xml:48:13-49
	android:exported
		ADDED from src/main/AndroidManifest.xml:46:13-36
	android:name
		ADDED from src/main/AndroidManifest.xml:47:13-43
activity#com.tananaev.passportreader.CameraActivity
ADDED from src/main/AndroidManifest.xml:49:9-52:52
	android:screenOrientation
		ADDED from src/main/AndroidManifest.xml:52:13-49
	android:exported
		ADDED from src/main/AndroidManifest.xml:50:13-36
	android:name
		ADDED from src/main/AndroidManifest.xml:51:13-43
meta-data#com.google.mlkit.vision.DEPENDENCIES
ADDED from src/main/AndroidManifest.xml:53:9-55:35
	android:value
		ADDED from src/main/AndroidManifest.xml:55:13-32
	android:name
		ADDED from src/main/AndroidManifest.xml:54:13-64
uses-sdk
INJECTED from src/main/AndroidManifest.xml reason: use-sdk injection requested
INJECTED from src/main/AndroidManifest.xml
INJECTED from src/main/AndroidManifest.xml
MERGED from [com.google.mlkit:text-recognition:16.0.0-beta6] AndroidManifest.xml:5:5-44
MERGED from [com.google.mlkit:text-recognition:16.0.0-beta6] AndroidManifest.xml:5:5-44
MERGED from [com.google.android.gms:play-services-mlkit-text-recognition:18.0.2] AndroidManifest.xml:6:5-44
MERGED from [com.google.android.gms:play-services-mlkit-text-recognition:18.0.2] AndroidManifest.xml:6:5-44
MERGED from [androidx.multidex:multidex:2.0.1] AndroidManifest.xml:20:5-43
MERGED from [androidx.multidex:multidex:2.0.1] AndroidManifest.xml:20:5-43
MERGED from [com.wdullaer:materialdatetimepicker:3.5.2] AndroidManifest.xml:22:5-24:41
MERGED from [com.wdullaer:materialdatetimepicker:3.5.2] AndroidManifest.xml:22:5-24:41
MERGED from [com.google.android.material:material:1.6.1] AndroidManifest.xml:20:5-22:41
MERGED from [com.google.android.material:material:1.6.1] AndroidManifest.xml:20:5-22:41
MERGED from [net.sf.scuba:scuba-sc-android:0.0.18] AndroidManifest.xml:7:5-9:41
MERGED from [net.sf.scuba:scuba-sc-android:0.0.18] AndroidManifest.xml:7:5-9:41
MERGED from [com.gemalto.jp2:jp2-android:1.0.3] AndroidManifest.xml:7:5-9:41
MERGED from [com.gemalto.jp2:jp2-android:1.0.3] AndroidManifest.xml:7:5-9:41
MERGED from [:openCVLibrary3413] AndroidManifest.xml:7:5-9:41
MERGED from [:openCVLibrary3413] AndroidManifest.xml:7:5-9:41
MERGED from [org.tensorflow:tensorflow-lite-support:0.1.0] AndroidManifest.xml:4:3-71
MERGED from [org.tensorflow:tensorflow-lite-support:0.1.0] AndroidManifest.xml:4:3-71
MERGED from [org.tensorflow:tensorflow-lite-gpu:2.3.0] AndroidManifest.xml:7:5-8:41
MERGED from [org.tensorflow:tensorflow-lite-gpu:2.3.0] AndroidManifest.xml:7:5-8:41
MERGED from [com.google.mlkit:text-recognition-bundled-common:16.0.0-beta6] AndroidManifest.xml:5:5-44
MERGED from [com.google.mlkit:text-recognition-bundled-common:16.0.0-beta6] AndroidManifest.xml:5:5-44
MERGED from [com.google.android.gms:play-services-mlkit-text-recognition-common:18.0.0] AndroidManifest.xml:6:5-44
MERGED from [com.google.android.gms:play-services-mlkit-text-recognition-common:18.0.0] AndroidManifest.xml:6:5-44
MERGED from [com.google.mlkit:vision-common:17.2.1] AndroidManifest.xml:6:5-44
MERGED from [com.google.mlkit:vision-common:17.2.1] AndroidManifest.xml:6:5-44
MERGED from [com.google.mlkit:common:18.5.0] AndroidManifest.xml:6:5-44
MERGED from [com.google.mlkit:common:18.5.0] AndroidManifest.xml:6:5-44
MERGED from [com.google.android.gms:play-services-base:18.1.0] AndroidManifest.xml:18:5-43
MERGED from [com.google.android.gms:play-services-base:18.1.0] AndroidManifest.xml:18:5-43
MERGED from [com.google.mlkit:vision-interfaces:16.1.0] AndroidManifest.xml:5:5-44
MERGED from [com.google.mlkit:vision-interfaces:16.1.0] AndroidManifest.xml:5:5-44
MERGED from [com.google.android.gms:play-services-tasks:18.0.2] AndroidManifest.xml:4:5-43
MERGED from [com.google.android.gms:play-services-tasks:18.0.2] AndroidManifest.xml:4:5-43
MERGED from [com.google.android.gms:play-services-basement:18.1.0] AndroidManifest.xml:18:5-43
MERGED from [com.google.android.gms:play-services-basement:18.1.0] AndroidManifest.xml:18:5-43
MERGED from [androidx.cardview:cardview:1.0.0] AndroidManifest.xml:20:5-44
MERGED from [androidx.cardview:cardview:1.0.0] AndroidManifest.xml:20:5-44
MERGED from [androidx.legacy:legacy-support-v13:1.0.0] AndroidManifest.xml:20:5-44
MERGED from [androidx.legacy:legacy-support-v13:1.0.0] AndroidManifest.xml:20:5-44
MERGED from [androidx.legacy:legacy-support-v4:1.0.0] AndroidManifest.xml:20:5-44
MERGED from [androidx.legacy:legacy-support-v4:1.0.0] AndroidManifest.xml:20:5-44
MERGED from [androidx.legacy:legacy-support-core-ui:1.0.0] AndroidManifest.xml:20:5-44
MERGED from [androidx.legacy:legacy-support-core-ui:1.0.0] AndroidManifest.xml:20:5-44
MERGED from [androidx.coordinatorlayout:coordinatorlayout:1.1.0] AndroidManifest.xml:20:5-22:41
MERGED from [androidx.coordinatorlayout:coordinatorlayout:1.1.0] AndroidManifest.xml:20:5-22:41
MERGED from [androidx.constraintlayout:constraintlayout:2.0.1] AndroidManifest.xml:5:5-7:41
MERGED from [androidx.constraintlayout:constraintlayout:2.0.1] AndroidManifest.xml:5:5-7:41
MERGED from [androidx.appcompat:appcompat:1.2.0] AndroidManifest.xml:20:5-22:41
MERGED from [androidx.appcompat:appcompat:1.2.0] AndroidManifest.xml:20:5-22:41
MERGED from [androidx.drawerlayout:drawerlayout:1.1.1] AndroidManifest.xml:20:5-22:41
MERGED from [androidx.drawerlayout:drawerlayout:1.1.1] AndroidManifest.xml:20:5-22:41
MERGED from [androidx.dynamicanimation:dynamicanimation:1.0.0] AndroidManifest.xml:20:5-44
MERGED from [androidx.dynamicanimation:dynamicanimation:1.0.0] AndroidManifest.xml:20:5-44
MERGED from [androidx.viewpager2:viewpager2:1.0.0] AndroidManifest.xml:20:5-22:41
MERGED from [androidx.viewpager2:viewpager2:1.0.0] AndroidManifest.xml:20:5-22:41
MERGED from [androidx.fragment:fragment:1.2.5] AndroidManifest.xml:20:5-22:41
MERGED from [androidx.fragment:fragment:1.2.5] AndroidManifest.xml:20:5-22:41
MERGED from [androidx.transition:transition:1.2.0] AndroidManifest.xml:20:5-22:41
MERGED from [androidx.transition:transition:1.2.0] AndroidManifest.xml:20:5-22:41
MERGED from [androidx.appcompat:appcompat-resources:1.2.0] AndroidManifest.xml:20:5-22:41
MERGED from [androidx.appcompat:appcompat-resources:1.2.0] AndroidManifest.xml:20:5-22:41
MERGED from [androidx.vectordrawable:vectordrawable-animated:1.1.0] AndroidManifest.xml:20:5-22:41
MERGED from [androidx.vectordrawable:vectordrawable-animated:1.1.0] AndroidManifest.xml:20:5-22:41
MERGED from [androidx.vectordrawable:vectordrawable:1.1.0] AndroidManifest.xml:20:5-22:41
MERGED from [androidx.vectordrawable:vectordrawable:1.1.0] AndroidManifest.xml:20:5-22:41
MERGED from [androidx.viewpager:viewpager:1.0.0] AndroidManifest.xml:20:5-44
MERGED from [androidx.viewpager:viewpager:1.0.0] AndroidManifest.xml:20:5-44
MERGED from [androidx.recyclerview:recyclerview:1.1.0] AndroidManifest.xml:20:5-22:41
MERGED from [androidx.recyclerview:recyclerview:1.1.0] AndroidManifest.xml:20:5-22:41
MERGED from [androidx.slidingpanelayout:slidingpanelayout:1.0.0] AndroidManifest.xml:20:5-44
MERGED from [androidx.slidingpanelayout:slidingpanelayout:1.0.0] AndroidManifest.xml:20:5-44
MERGED from [androidx.customview:customview:1.1.0] AndroidManifest.xml:20:5-22:41
MERGED from [androidx.customview:customview:1.1.0] AndroidManifest.xml:20:5-22:41
MERGED from [androidx.legacy:legacy-support-core-utils:1.0.0] AndroidManifest.xml:20:5-44
MERGED from [androidx.legacy:legacy-support-core-utils:1.0.0] AndroidManifest.xml:20:5-44
MERGED from [androidx.loader:loader:1.0.0] AndroidManifest.xml:20:5-44
MERGED from [androidx.loader:loader:1.0.0] AndroidManifest.xml:20:5-44
MERGED from [androidx.activity:activity:1.1.0] AndroidManifest.xml:20:5-22:41
MERGED from [androidx.activity:activity:1.1.0] AndroidManifest.xml:20:5-22:41
MERGED from [androidx.media:media:1.0.0] AndroidManifest.xml:20:5-44
MERGED from [androidx.media:media:1.0.0] AndroidManifest.xml:20:5-44
MERGED from [androidx.swiperefreshlayout:swiperefreshlayout:1.0.0] AndroidManifest.xml:20:5-44
MERGED from [androidx.swiperefreshlayout:swiperefreshlayout:1.0.0] AndroidManifest.xml:20:5-44
MERGED from [androidx.asynclayoutinflater:asynclayoutinflater:1.0.0] AndroidManifest.xml:20:5-44
MERGED from [androidx.asynclayoutinflater:asynclayoutinflater:1.0.0] AndroidManifest.xml:20:5-44
MERGED from [androidx.core:core:1.5.0] AndroidManifest.xml:20:5-22:41
MERGED from [androidx.core:core:1.5.0] AndroidManifest.xml:20:5-22:41
MERGED from [com.google.android.datatransport:transport-backend-cct:2.3.3] AndroidManifest.xml:19:5-21:41
MERGED from [com.google.android.datatransport:transport-backend-cct:2.3.3] AndroidManifest.xml:19:5-21:41
MERGED from [com.google.android.datatransport:transport-runtime:2.2.6] AndroidManifest.xml:18:5-20:41
MERGED from [com.google.android.datatransport:transport-runtime:2.2.6] AndroidManifest.xml:18:5-20:41
MERGED from [com.google.android.datatransport:transport-api:2.2.1] AndroidManifest.xml:18:5-20:41
MERGED from [com.google.android.datatransport:transport-api:2.2.1] AndroidManifest.xml:18:5-20:41
MERGED from [com.google.firebase:firebase-components:16.1.0] AndroidManifest.xml:19:5-21:41
MERGED from [com.google.firebase:firebase-components:16.1.0] AndroidManifest.xml:19:5-21:41
MERGED from [com.google.firebase:firebase-encoders-json:17.1.0] AndroidManifest.xml:19:5-21:41
MERGED from [com.google.firebase:firebase-encoders-json:17.1.0] AndroidManifest.xml:19:5-21:41
MERGED from [androidx.versionedparcelable:versionedparcelable:1.1.1] AndroidManifest.xml:20:5-22:41
MERGED from [androidx.versionedparcelable:versionedparcelable:1.1.1] AndroidManifest.xml:20:5-22:41
MERGED from [androidx.lifecycle:lifecycle-viewmodel-savedstate:2.2.0] AndroidManifest.xml:20:5-22:41
MERGED from [androidx.lifecycle:lifecycle-viewmodel-savedstate:2.2.0] AndroidManifest.xml:20:5-22:41
MERGED from [androidx.lifecycle:lifecycle-viewmodel:2.2.0] AndroidManifest.xml:20:5-22:41
MERGED from [androidx.lifecycle:lifecycle-viewmodel:2.2.0] AndroidManifest.xml:20:5-22:41
MERGED from [androidx.exifinterface:exifinterface:1.0.0] AndroidManifest.xml:20:5-44
MERGED from [androidx.exifinterface:exifinterface:1.0.0] AndroidManifest.xml:20:5-44
MERGED from [androidx.cursoradapter:cursoradapter:1.0.0] AndroidManifest.xml:20:5-44
MERGED from [androidx.cursoradapter:cursoradapter:1.0.0] AndroidManifest.xml:20:5-44
MERGED from [androidx.documentfile:documentfile:1.0.0] AndroidManifest.xml:20:5-44
MERGED from [androidx.documentfile:documentfile:1.0.0] AndroidManifest.xml:20:5-44
MERGED from [androidx.localbroadcastmanager:localbroadcastmanager:1.0.0] AndroidManifest.xml:20:5-44
MERGED from [androidx.localbroadcastmanager:localbroadcastmanager:1.0.0] AndroidManifest.xml:20:5-44
MERGED from [androidx.print:print:1.0.0] AndroidManifest.xml:20:5-44
MERGED from [androidx.print:print:1.0.0] AndroidManifest.xml:20:5-44
MERGED from [androidx.lifecycle:lifecycle-runtime:2.2.0] AndroidManifest.xml:20:5-22:41
MERGED from [androidx.lifecycle:lifecycle-runtime:2.2.0] AndroidManifest.xml:20:5-22:41
MERGED from [androidx.savedstate:savedstate:1.0.0] AndroidManifest.xml:20:5-22:41
MERGED from [androidx.savedstate:savedstate:1.0.0] AndroidManifest.xml:20:5-22:41
MERGED from [androidx.lifecycle:lifecycle-livedata:2.0.0] AndroidManifest.xml:20:5-44
MERGED from [androidx.lifecycle:lifecycle-livedata:2.0.0] AndroidManifest.xml:20:5-44
MERGED from [androidx.lifecycle:lifecycle-livedata-core:2.2.0] AndroidManifest.xml:20:5-22:41
MERGED from [androidx.lifecycle:lifecycle-livedata-core:2.2.0] AndroidManifest.xml:20:5-22:41
MERGED from [androidx.arch.core:core-runtime:2.1.0] AndroidManifest.xml:20:5-22:41
MERGED from [androidx.arch.core:core-runtime:2.1.0] AndroidManifest.xml:20:5-22:41
MERGED from [androidx.interpolator:interpolator:1.0.0] AndroidManifest.xml:20:5-44
MERGED from [androidx.interpolator:interpolator:1.0.0] AndroidManifest.xml:20:5-44
MERGED from [androidx.annotation:annotation-experimental:1.0.0] AndroidManifest.xml:20:5-22:41
MERGED from [androidx.annotation:annotation-experimental:1.0.0] AndroidManifest.xml:20:5-22:41
MERGED from [org.tensorflow:tensorflow-lite:2.4.0] AndroidManifest.xml:7:5-8:41
MERGED from [org.tensorflow:tensorflow-lite:2.4.0] AndroidManifest.xml:7:5-8:41
MERGED from [com.google.android.odml:image:1.0.0-beta1] AndroidManifest.xml:5:5-44
MERGED from [com.google.android.odml:image:1.0.0-beta1] AndroidManifest.xml:5:5-44
INJECTED from src/main/AndroidManifest.xml
INJECTED from src/main/AndroidManifest.xml
	android:targetSdkVersion
		INJECTED from src/main/AndroidManifest.xml
		ADDED from src/main/AndroidManifest.xml
		INJECTED from src/main/AndroidManifest.xml
	android:minSdkVersion
		INJECTED from src/main/AndroidManifest.xml
		ADDED from src/main/AndroidManifest.xml
		MERGED from src/main/AndroidManifest.xml
		MERGED from src/main/AndroidManifest.xml
		INJECTED from src/main/AndroidManifest.xml
uses-permission#android.permission.VIBRATE
ADDED from [com.wdullaer:materialdatetimepicker:3.5.2] AndroidManifest.xml:26:5-66
	android:name
		ADDED from [com.wdullaer:materialdatetimepicker:3.5.2] AndroidManifest.xml:26:22-63
service#com.google.mlkit.common.internal.MlKitComponentDiscoveryService
ADDED from [com.google.android.gms:play-services-mlkit-text-recognition-common:18.0.0] AndroidManifest.xml:9:9-15:19
MERGED from [com.google.mlkit:vision-common:17.2.1] AndroidManifest.xml:9:9-15:19
MERGED from [com.google.mlkit:vision-common:17.2.1] AndroidManifest.xml:9:9-15:19
MERGED from [com.google.mlkit:common:18.5.0] AndroidManifest.xml:15:9-23:19
MERGED from [com.google.mlkit:common:18.5.0] AndroidManifest.xml:15:9-23:19
	android:exported
		ADDED from [com.google.android.gms:play-services-mlkit-text-recognition-common:18.0.0] AndroidManifest.xml:11:13-37
	tools:targetApi
		ADDED from [com.google.mlkit:common:18.5.0] AndroidManifest.xml:19:13-32
	android:directBootAware
		ADDED from [com.google.mlkit:common:18.5.0] AndroidManifest.xml:17:13-43
	android:name
		ADDED from [com.google.android.gms:play-services-mlkit-text-recognition-common:18.0.0] AndroidManifest.xml:10:13-91
meta-data#com.google.firebase.components:com.google.mlkit.vision.text.internal.TextRegistrar
ADDED from [com.google.android.gms:play-services-mlkit-text-recognition-common:18.0.0] AndroidManifest.xml:12:13-14:85
	android:value
		ADDED from [com.google.android.gms:play-services-mlkit-text-recognition-common:18.0.0] AndroidManifest.xml:14:17-82
	android:name
		ADDED from [com.google.android.gms:play-services-mlkit-text-recognition-common:18.0.0] AndroidManifest.xml:13:17-114
meta-data#com.google.firebase.components:com.google.mlkit.vision.common.internal.VisionCommonRegistrar
ADDED from [com.google.mlkit:vision-common:17.2.1] AndroidManifest.xml:12:13-14:85
	android:value
		ADDED from [com.google.mlkit:vision-common:17.2.1] AndroidManifest.xml:14:17-82
	android:name
		ADDED from [com.google.mlkit:vision-common:17.2.1] AndroidManifest.xml:13:17-124
provider#com.google.mlkit.common.internal.MlKitInitProvider
ADDED from [com.google.mlkit:common:18.5.0] AndroidManifest.xml:9:9-13:38
	android:authorities
		ADDED from [com.google.mlkit:common:18.5.0] AndroidManifest.xml:11:13-69
	android:exported
		ADDED from [com.google.mlkit:common:18.5.0] AndroidManifest.xml:12:13-37
	android:initOrder
		ADDED from [com.google.mlkit:common:18.5.0] AndroidManifest.xml:13:13-35
	android:name
		ADDED from [com.google.mlkit:common:18.5.0] AndroidManifest.xml:10:13-78
meta-data#com.google.firebase.components:com.google.mlkit.common.internal.CommonComponentRegistrar
ADDED from [com.google.mlkit:common:18.5.0] AndroidManifest.xml:20:13-22:85
	android:value
		ADDED from [com.google.mlkit:common:18.5.0] AndroidManifest.xml:22:17-82
	android:name
		ADDED from [com.google.mlkit:common:18.5.0] AndroidManifest.xml:21:17-120
activity#com.google.android.gms.common.api.GoogleApiActivity
ADDED from [com.google.android.gms:play-services-base:18.1.0] AndroidManifest.xml:20:9-22:45
	android:exported
		ADDED from [com.google.android.gms:play-services-base:18.1.0] AndroidManifest.xml:22:19-43
	android:theme
		ADDED from [com.google.android.gms:play-services-base:18.1.0] AndroidManifest.xml:21:19-78
	android:name
		ADDED from [com.google.android.gms:play-services-base:18.1.0] AndroidManifest.xml:20:19-85
meta-data#com.google.android.gms.version
ADDED from [com.google.android.gms:play-services-basement:18.1.0] AndroidManifest.xml:21:9-23:69
	android:value
		ADDED from [com.google.android.gms:play-services-basement:18.1.0] AndroidManifest.xml:23:13-66
	android:name
		ADDED from [com.google.android.gms:play-services-basement:18.1.0] AndroidManifest.xml:22:13-58
uses-permission#android.permission.ACCESS_NETWORK_STATE
ADDED from [com.google.android.datatransport:transport-backend-cct:2.3.3] AndroidManifest.xml:25:5-79
MERGED from [com.google.android.datatransport:transport-runtime:2.2.6] AndroidManifest.xml:22:5-79
MERGED from [com.google.android.datatransport:transport-runtime:2.2.6] AndroidManifest.xml:22:5-79
	android:name